<?xml version="1.0" encoding="UTF-8"?>
<!-- Generated by org.testng.reporters.JUnitXMLReporter -->
<testsuite ignored="4" hostname="DESKTOP-F1FC5DH" failures="1" tests="1" name="Test1" time="0.119" errors="0" timestamp="2022-02-04T02:40:44 GMT">
  <testcase classname="buffaloCartERP.AddNewUserTest" name="verifyUserCreation" time="0.059">
    <failure type="java.lang.NullPointerException" message="Cannot invoke &amp;quot;org.openqa.selenium.SearchContext.findElement(org.openqa.selenium.By)&amp;quot; because &amp;quot;this.searchContext&amp;quot; is null">
      <![CDATA[java.lang.NullPointerException: Cannot invoke "org.openqa.selenium.SearchContext.findElement(org.openqa.selenium.By)" because "this.searchContext" is null
at org.openqa.selenium.support.pagefactory.DefaultElementLocator.findElement(DefaultElementLocator.java:70)
at org.openqa.selenium.support.pagefactory.internal.LocatingElementHandler.invoke(LocatingElementHandler.java:39)
at jdk.proxy2/jdk.proxy2.$Proxy13.sendKeys(Unknown Source)
at pages.LoginPage.enter_userName(LoginPage.java:29)
at pages.LoginPage.userLogin(LoginPage.java:44)
at buffaloCartERP.AddNewUserTest.verifyUserCreation(AddNewUserTest.java:18)
at java.base/java.util.ArrayList.forEach(ArrayList.java:1511)
... Removed 27 stack frames]]>
    </failure>
  </testcase> <!-- verifyUserCreation -->
  <testcase classname="buffaloCartERP.VerifyUserNameInListTest" name="verifyUser" time="0.0">
    <ignored/>
  </testcase> <!-- verifyUser -->
  <testcase classname="buffaloCartERP.AddNewUserTest" name="verifyUserCreation1" time="0.0">
    <ignored/>
  </testcase> <!-- verifyUserCreation1 -->
  <testcase classname="buffaloCartERP.NewBugTest" name="verify_addNewBug" time="0.0">
    <ignored/>
  </testcase> <!-- verify_addNewBug -->
  <testcase classname="buffaloCartERP.LoginTest" name="verify_login" time="0.0">
    <ignored/>
  </testcase> <!-- verify_login -->
</testsuite> <!-- Test1 -->
