<?xml version="1.0" encoding="UTF-8"?>
<testng-results ignored="0" total="1" passed="0" failed="1" skipped="0">
  <reporter-output>
  </reporter-output>
  <suite started-at="2022-02-08T21:42:17 GMT" name="Default suite" finished-at="2022-02-08T21:42:57 GMT" duration-ms="39805">
    <groups>
    </groups>
    <test started-at="2022-02-08T21:42:17 GMT" name="Default test" finished-at="2022-02-08T21:42:57 GMT" duration-ms="39805">
      <class name="buffaloCartERP.VerifyUpdateProfileTest">
        <test-method is-config="true" signature="openingBrowser(java.lang.String)[pri:0, instance:buffaloCartERP.VerifyUpdateProfileTest@4dbb42b7]" started-at="2022-02-08T21:42:18 GMT" name="openingBrowser" finished-at="2022-02-08T21:42:24 GMT" duration-ms="6003" status="PASS">
          <params>
            <param index="0">
              <value>
                <![CDATA[chrome]]>
              </value>
            </param>
          </params>
          <reporter-output>
          </reporter-output>
        </test-method> <!-- openingBrowser -->
        <test-method signature="verifyUserCreation()[pri:0, instance:buffaloCartERP.VerifyUpdateProfileTest@4dbb42b7]" started-at="2022-02-08T21:42:24 GMT" name="verifyUserCreation" finished-at="2022-02-08T21:42:55 GMT" duration-ms="31884" status="FAIL">
          <exception class="java.lang.NullPointerException">
            <message>
              <![CDATA[Cannot invoke "org.openqa.selenium.WebElement.getText()" because "pages.MyDetailsPage.userdetails_data" is null]]>
            </message>
            <full-stacktrace>
              <![CDATA[java.lang.NullPointerException: Cannot invoke "org.openqa.selenium.WebElement.getText()" because "pages.MyDetailsPage.userdetails_data" is null
at pages.MyDetailsPage.getUserDetails(MyDetailsPage.java:22)
at buffaloCartERP.VerifyUpdateProfileTest.verifyUserCreation(VerifyUpdateProfileTest.java:27)
at java.base/jdk.internal.reflect.NativeMethodAccessorImpl.invoke0(Native Method)
at java.base/jdk.internal.reflect.NativeMethodAccessorImpl.invoke(NativeMethodAccessorImpl.java:77)
at java.base/jdk.internal.reflect.DelegatingMethodAccessorImpl.invoke(DelegatingMethodAccessorImpl.java:43)
at java.base/java.lang.reflect.Method.invoke(Method.java:568)
at org.testng.internal.MethodInvocationHelper.invokeMethod(MethodInvocationHelper.java:133)
at org.testng.internal.TestInvoker.invokeMethod(TestInvoker.java:598)
at org.testng.internal.TestInvoker.invokeTestMethod(TestInvoker.java:173)
at org.testng.internal.MethodRunner.runInSequence(MethodRunner.java:46)
at org.testng.internal.TestInvoker$MethodInvocationAgent.invoke(TestInvoker.java:824)
at org.testng.internal.TestInvoker.invokeTestMethods(TestInvoker.java:146)
at org.testng.internal.TestMethodWorker.invokeTestMethods(TestMethodWorker.java:146)
at org.testng.internal.TestMethodWorker.run(TestMethodWorker.java:128)
at java.base/java.util.ArrayList.forEach(ArrayList.java:1511)
at org.testng.TestRunner.privateRun(TestRunner.java:794)
at org.testng.TestRunner.run(TestRunner.java:596)
at org.testng.SuiteRunner.runTest(SuiteRunner.java:377)
at org.testng.SuiteRunner.runSequentially(SuiteRunner.java:371)
at org.testng.SuiteRunner.privateRun(SuiteRunner.java:332)
at org.testng.SuiteRunner.run(SuiteRunner.java:276)
at org.testng.SuiteRunnerWorker.runSuite(SuiteRunnerWorker.java:53)
at org.testng.SuiteRunnerWorker.run(SuiteRunnerWorker.java:96)
at org.testng.TestNG.runSuitesSequentially(TestNG.java:1212)
at org.testng.TestNG.runSuitesLocally(TestNG.java:1134)
at org.testng.TestNG.runSuites(TestNG.java:1063)
at org.testng.TestNG.run(TestNG.java:1031)
at org.testng.remote.AbstractRemoteTestNG.run(AbstractRemoteTestNG.java:115)
at org.testng.remote.RemoteTestNG.initAndRun(RemoteTestNG.java:251)
at org.testng.remote.RemoteTestNG.main(RemoteTestNG.java:77)
]]>
            </full-stacktrace>
          </exception> <!-- java.lang.NullPointerException -->
          <reporter-output>
          </reporter-output>
        </test-method> <!-- verifyUserCreation -->
        <test-method is-config="true" signature="afterMethod(org.testng.ITestResult)[pri:0, instance:buffaloCartERP.VerifyUpdateProfileTest@4dbb42b7]" started-at="2022-02-08T21:42:55 GMT" name="afterMethod" finished-at="2022-02-08T21:42:57 GMT" duration-ms="1397" status="PASS">
          <params>
            <param index="0">
              <value>
                <![CDATA[[TestResult name=verifyUserCreation status=FAILURE method=VerifyUpdateProfileTest.verifyUserCreation()[pri:0, instance:buffaloCartERP.VerifyUpdateProfileTest@4dbb42b7] output={null}]]]>
              </value>
            </param>
          </params>
          <reporter-output>
          </reporter-output>
        </test-method> <!-- afterMethod -->
        <test-method is-config="true" signature="closingBrowser()[pri:0, instance:buffaloCartERP.VerifyUpdateProfileTest@4dbb42b7]" started-at="2022-02-08T21:42:57 GMT" name="closingBrowser" finished-at="2022-02-08T21:42:57 GMT" duration-ms="464" status="PASS">
          <reporter-output>
          </reporter-output>
        </test-method> <!-- closingBrowser -->
      </class> <!-- buffaloCartERP.VerifyUpdateProfileTest -->
    </test> <!-- Default test -->
  </suite> <!-- Default suite -->
</testng-results>
